<?xml version="1.0" encoding="UTF-8"?>
<!-- Generated by org.testng.reporters.JUnitReportReporter -->
<testsuite skipped="0" hostname="DESKTOP-O48P6VL" name="packq1.SampleTest" tests="1" failures="0" timestamp="25 Apr 2018 08:21:46 GMT" time="0.034" errors="0">
  <testcase name="CreateTest" time="0.034" classname="packq1.SampleTest"/>
</testsuite> <!-- packq1.SampleTest -->
